<?xml version="1.0" encoding="UTF-8"?>
<!-- Generated by org.testng.reporters.JUnitReportReporter -->
<testsuite hostname="Lokesh-PC" failures="0" tests="1" name="testsuite1.test.Token_Validation_Valid" time="25.301" errors="0" timestamp="2022-06-15T08:36:34 IST" skipped="0">
  <testcase classname="testsuite1.test.Token_Validation_Valid" name="All_USER_LOGIN_Validation" time="25.301"/>
  <system-out/>
</testsuite> <!-- testsuite1.test.Token_Validation_Valid -->
