<?xml version="1.0" encoding="UTF-8"?>
<!-- Generated by org.testng.reporters.JUnitReportReporter -->
<testsuite hostname="Lokesh-PC" failures="0" tests="1" name="testsuite1.test.Region_POST_Create" time="36.784" errors="0" timestamp="2022-06-15T08:53:01 IST" skipped="0">
  <testcase classname="testsuite1.test.Region_POST_Create" name="CREATE_New_Region" time="36.784"/>
  <system-out/>
</testsuite> <!-- testsuite1.test.Region_POST_Create -->
