<?xml version="1.0" encoding="UTF-8"?>
<!-- Generated by org.testng.reporters.JUnitReportReporter -->
<testsuite hostname="Lokesh-PC" failures="0" tests="1" name="testsuite3.test.Rule_Config_POST_with_Indistinct" time="30.857" errors="0" timestamp="2022-06-28T09:57:12 IST" skipped="0">
  <testcase classname="testsuite3.test.Rule_Config_POST_with_Indistinct" name="Create_RuleConfig" time="30.857"/>
  <system-out/>
</testsuite> <!-- testsuite3.test.Rule_Config_POST_with_Indistinct -->
