<?xml version="1.0" encoding="UTF-8"?>
<!-- Generated by org.testng.reporters.JUnitReportReporter -->
<testsuite hostname="Lokesh-PC" failures="0" tests="1" name="testsuite1.test.Region_PUT_Update" time="74.501" errors="0" timestamp="2022-06-28T09:43:22 IST" skipped="0">
  <testcase classname="testsuite1.test.Region_PUT_Update" name="UPDATE_Specific_Region_using_ID" time="74.501"/>
  <system-out/>
</testsuite> <!-- testsuite1.test.Region_PUT_Update -->
