<?xml version="1.0" encoding="UTF-8"?>
<!-- Generated by org.testng.reporters.JUnitReportReporter -->
<testsuite hostname="Lokesh-PC" failures="0" tests="1" name="scenarios.api.Rule_Config_Include_StartVersionChange_ID" time="0.006" errors="0" timestamp="2022-06-28T12:00:32 IST" skipped="0">
  <testcase classname="scenarios.api.Rule_Config_Include_StartVersionChange_ID" name="filename" time="0.006"/>
  <system-out/>
</testsuite> <!-- scenarios.api.Rule_Config_Include_StartVersionChange_ID -->
