<?xml version="1.0" encoding="UTF-8"?>
<!-- Generated by org.testng.reporters.JUnitReportReporter -->
<testsuite hostname="Lokesh-PC" failures="0" tests="1" name="testsuite3.test.Rule_Config_GET_with_IsVersionChangeEnabled_ID" time="17.015" errors="0" timestamp="2022-06-28T11:27:11 IST" skipped="0">
  <testcase classname="testsuite3.test.Rule_Config_GET_with_IsVersionChangeEnabled_ID" name="Update_RuleConfig_IsVersionChangeEnabled" time="17.015"/>
  <system-out/>
</testsuite> <!-- testsuite3.test.Rule_Config_GET_with_IsVersionChangeEnabled_ID -->
