<?xml version="1.0" encoding="UTF-8"?>
<!-- Generated by org.testng.reporters.JUnitReportReporter -->
<testsuite hostname="Lokesh-PC" failures="0" tests="1" name="scenarios.api.Token_Validation_Valid" time="0.005" errors="0" timestamp="2022-06-15T08:36:34 IST" skipped="0">
  <testcase classname="scenarios.api.Token_Validation_Valid" name="filename" time="0.005"/>
  <system-out/>
</testsuite> <!-- scenarios.api.Token_Validation_Valid -->
