<?xml version="1.0" encoding="UTF-8"?>
<!-- Generated by org.testng.reporters.JUnitReportReporter -->
<testsuite hostname="Lokesh-PC" failures="0" tests="1" name="testsuite1.test.Token_Validation_Invalid" time="116.134" errors="0" timestamp="2022-06-28T09:27:50 IST" skipped="0">
  <testcase classname="testsuite1.test.Token_Validation_Invalid" name="All_USER_LOGIN_Validation" time="116.134"/>
  <system-out/>
</testsuite> <!-- testsuite1.test.Token_Validation_Invalid -->
