<?xml version="1.0" encoding="UTF-8"?>
<!-- Generated by org.testng.reporters.JUnitReportReporter -->
<testsuite hostname="Lokesh-PC" failures="0" tests="1" name="scenarios.api.Rule_Config_BaseLine" time="0.010" errors="0" timestamp="2022-06-28T09:57:12 IST" skipped="0">
  <testcase classname="scenarios.api.Rule_Config_BaseLine" name="filename" time="0.010"/>
  <system-out/>
</testsuite> <!-- scenarios.api.Rule_Config_BaseLine -->
