<?xml version="1.0" encoding="UTF-8"?>
<!-- Generated by org.testng.reporters.JUnitReportReporter -->
<testsuite hostname="Lokesh-PC" failures="0" tests="1" name="scenarios.api.Token_Validation_Invalid" time="0.001" errors="0" timestamp="2022-06-28T09:27:50 IST" skipped="0">
  <testcase classname="scenarios.api.Token_Validation_Invalid" name="filename" time="0.001"/>
  <system-out/>
</testsuite> <!-- scenarios.api.Token_Validation_Invalid -->
