<?xml version="1.0" encoding="UTF-8"?>
<!-- Generated by org.testng.reporters.JUnitReportReporter -->
<testsuite hostname="Lokesh-PC" failures="0" tests="1" name="scenarios.api.Rule_Config_Include_RuleConfigID" time="0.011" errors="0" timestamp="2022-06-28T10:07:38 IST" skipped="0">
  <testcase classname="scenarios.api.Rule_Config_Include_RuleConfigID" name="filename" time="0.011"/>
  <system-out/>
</testsuite> <!-- scenarios.api.Rule_Config_Include_RuleConfigID -->
