<?xml version="1.0" encoding="UTF-8"?>
<!-- Generated by org.testng.reporters.JUnitReportReporter -->
<testsuite hostname="Lokesh-PC" failures="0" tests="1" name="testsuite3.test.Rule_Config_PUT_with_StartVersionChange_ID" time="16.824" errors="0" timestamp="2022-06-28T12:00:32 IST" skipped="0">
  <testcase classname="testsuite3.test.Rule_Config_PUT_with_StartVersionChange_ID" name="Update_RuleConfig_StartVersionChange" time="16.824"/>
  <system-out/>
</testsuite> <!-- testsuite3.test.Rule_Config_PUT_with_StartVersionChange_ID -->
