<?xml version="1.0" encoding="UTF-8"?>
<!-- Generated by org.testng.reporters.JUnitReportReporter -->
<testsuite hostname="Lokesh-PC" failures="0" tests="1" name="testsuite3.test.Rule_Config_POST_with_RollBackVersion_RuleConfigID" time="13.420" errors="0" timestamp="2022-06-28T12:46:26 IST" skipped="0">
  <testcase classname="testsuite3.test.Rule_Config_POST_with_RollBackVersion_RuleConfigID" name="Create_RuleConfigID_RoleBackVersion" time="13.420"/>
  <system-out/>
</testsuite> <!-- testsuite3.test.Rule_Config_POST_with_RollBackVersion_RuleConfigID -->
