<?xml version="1.0" encoding="UTF-8"?>
<!-- Generated by org.testng.reporters.JUnitReportReporter -->
<testsuite hostname="Lokesh-PC" failures="0" tests="1" name="testsuite3.test.Rule_Config_POST_with_Clone_ID" time="17.139" errors="0" timestamp="2022-06-28T10:14:31 IST" skipped="0">
  <testcase classname="testsuite3.test.Rule_Config_POST_with_Clone_ID" name="Create_RuleConfig_Clone" time="17.139"/>
  <system-out/>
</testsuite> <!-- testsuite3.test.Rule_Config_POST_with_Clone_ID -->
