<?xml version="1.0" encoding="UTF-8"?>
<!-- Generated by org.testng.reporters.JUnitReportReporter -->
<testsuite hostname="Lokesh-PC" failures="0" tests="1" name="testsuite3.test.Rule_Config_DELETE_with_distinct_ID" time="29.034" errors="0" timestamp="2022-06-28T10:07:38 IST" skipped="0">
  <testcase classname="testsuite3.test.Rule_Config_DELETE_with_distinct_ID" name="Delete_RuleConfig" time="29.034"/>
  <system-out/>
</testsuite> <!-- testsuite3.test.Rule_Config_DELETE_with_distinct_ID -->
