<?xml version="1.0" encoding="UTF-8"?>
<!-- Generated by org.testng.reporters.JUnitReportReporter -->
<testsuite hostname="Lokesh-PC" failures="0" tests="1" name="extend.api.CreateReport" time="0.203" errors="0" timestamp="2022-06-15T08:53:01 IST" skipped="0">
  <testcase classname="extend.api.CreateReport" name="extend" time="0.203"/>
  <system-out/>
</testsuite> <!-- extend.api.CreateReport -->
